

Microchip Technology PIC LITE Macro Assembler V1.33 build 59893 
                                                                                               Wed Feb 18 16:11:56 2015

Microchip Technology Omniscient Code Generator (Lite mode) build 59893
     1                           	processor	12F1822
     2                           	opt	pw 120
     3                           	opt	lm
     4                           	psect	maintext,global,class=CODE,merge=1,split=1,delta=2
     5                           	psect	cinit,global,class=CODE,merge=1,delta=2
     6                           	psect	bssCOMMON,global,class=COMMON,space=1,delta=1
     7                           	psect	cstackCOMMON,global,class=COMMON,space=1,delta=1
     8                           	dabs	1,0x7E,2
     9  0000                     	;# 
    10  0001                     	;# 
    11  0002                     	;# 
    12  0003                     	;# 
    13  0004                     	;# 
    14  0005                     	;# 
    15  0006                     	;# 
    16  0007                     	;# 
    17  0008                     	;# 
    18  0009                     	;# 
    19  000A                     	;# 
    20  000B                     	;# 
    21  000C                     	;# 
    22  0011                     	;# 
    23  0012                     	;# 
    24  0015                     	;# 
    25  0016                     	;# 
    26  0016                     	;# 
    27  0017                     	;# 
    28  0018                     	;# 
    29  0019                     	;# 
    30  001A                     	;# 
    31  001B                     	;# 
    32  001C                     	;# 
    33  001E                     	;# 
    34  001F                     	;# 
    35  008C                     	;# 
    36  0091                     	;# 
    37  0092                     	;# 
    38  0095                     	;# 
    39  0096                     	;# 
    40  0097                     	;# 
    41  0098                     	;# 
    42  0099                     	;# 
    43  009A                     	;# 
    44  009B                     	;# 
    45  009B                     	;# 
    46  009C                     	;# 
    47  009D                     	;# 
    48  009E                     	;# 
    49  010C                     	;# 
    50  0111                     	;# 
    51  0112                     	;# 
    52  0115                     	;# 
    53  0116                     	;# 
    54  0117                     	;# 
    55  0118                     	;# 
    56  0119                     	;# 
    57  011A                     	;# 
    58  011B                     	;# 
    59  011D                     	;# 
    60  011D                     	;# 
    61  018C                     	;# 
    62  0191                     	;# 
    63  0191                     	;# 
    64  0192                     	;# 
    65  0193                     	;# 
    66  0193                     	;# 
    67  0193                     	;# 
    68  0194                     	;# 
    69  0195                     	;# 
    70  0196                     	;# 
    71  0199                     	;# 
    72  019A                     	;# 
    73  019B                     	;# 
    74  019B                     	;# 
    75  019B                     	;# 
    76  019B                     	;# 
    77  019C                     	;# 
    78  019C                     	;# 
    79  019D                     	;# 
    80  019E                     	;# 
    81  019F                     	;# 
    82  020C                     	;# 
    83  0211                     	;# 
    84  0211                     	;# 
    85  0212                     	;# 
    86  0212                     	;# 
    87  0213                     	;# 
    88  0213                     	;# 
    89  0214                     	;# 
    90  0214                     	;# 
    91  0215                     	;# 
    92  0215                     	;# 
    93  0215                     	;# 
    94  0216                     	;# 
    95  0216                     	;# 
    96  0217                     	;# 
    97  0217                     	;# 
    98  0291                     	;# 
    99  0291                     	;# 
   100  0292                     	;# 
   101  0293                     	;# 
   102  0294                     	;# 
   103  0295                     	;# 
   104  0295                     	;# 
   105  0296                     	;# 
   106  0391                     	;# 
   107  0392                     	;# 
   108  0393                     	;# 
   109  039A                     	;# 
   110  039C                     	;# 
   111  039D                     	;# 
   112  039E                     	;# 
   113  039F                     	;# 
   114  0FE4                     	;# 
   115  0FE5                     	;# 
   116  0FE6                     	;# 
   117  0FE7                     	;# 
   118  0FE8                     	;# 
   119  0FE9                     	;# 
   120  0FEA                     	;# 
   121  0FEB                     	;# 
   122  0FED                     	;# 
   123  0FEE                     	;# 
   124  0FEF                     	;# 
   125  000C                     _PORTA	set	12
   126  0060                     _RA0	set	96
   127  0061                     _RA1	set	97
   128  0062                     _RA2	set	98
   129  0065                     _RA5	set	101
   130  0099                     _OSCCON	set	153
   131  008C                     _TRISA	set	140
   132  018C                     _ANSELAbits	set	396
   133                           
   134                           	psect	maintext
   135  07C7                     __pmaintext:	
   136                           ; #config settings
   137                           
   138                           
   139                           ;psect for function _main
   140  0000                     
   141 ;;
   142 ;;Main: autosize = 0, tempsize = 3, incstack = 0, save=0
   143 ;;
   144 ;; *************** function _main *****************
   145 ;; Defined at:
   146 ;;		line 55 in file "main.c"
   147 ;; Parameters:    Size  Location     Type
   148 ;;  argc            2    0[COMMON] int 
   149 ;;  argv            2    2[COMMON] PTR PTR unsigned char 
   150 ;; Auto vars:     Size  Location     Type
   151 ;;  icnt            4    0        long 
   152 ;;  boff            4    0        long 
   153 ;;  bon             4    0        long 
   154 ;; Return value:  Size  Location     Type
   155 ;;                  2    0[COMMON] int 
   156 ;; Registers used:
   157 ;;		wreg, status,2, status,0
   158 ;; Tracked objects:
   159 ;;		On entry : 17F/0
   160 ;;		On exit  : 0/0
   161 ;;		Unchanged: 0/0
   162 ;; Data sizes:     COMMON   BANK0   BANK1
   163 ;;      Params:         4       0       0
   164 ;;      Locals:         0       0       0
   165 ;;      Temps:          3       0       0
   166 ;;      Totals:         7       0       0
   167 ;;Total ram usage:        7 bytes
   168 ;; This function calls:
   169 ;;		Nothing
   170 ;; This function is called by:
   171 ;;		Startup code after reset
   172 ;; This function uses a non-reentrant model
   173 ;;
   174  07C7                     _main:	
   175                           
   176                           ;main.c: 57: long bon, boff, icnt;
   177                           ;main.c: 59: OSCCON = 0b01110000;
   178                           
   179                           ;incstack = 0
   180                           ; Regs used in _main: [wreg+status,2+status,0]
   181  07C7  3070               	movlw	112
   182  07C8  0021               	movlb	1	; select bank1
   183  07C9  0099               	movwf	25	;volatile
   184                           
   185                           ;main.c: 79: ANSELAbits.ANSELA = 0b00000000;
   186  07CA  30E0               	movlw	-32
   187  07CB  0023               	movlb	3	; select bank3
   188  07CC  058C               	andwf	12,f	;volatile
   189                           
   190                           ;main.c: 80: TRISA = 0b00011000;
   191  07CD  3018               	movlw	24
   192  07CE  0021               	movlb	1	; select bank1
   193  07CF  008C               	movwf	12	;volatile
   194                           
   195                           ;main.c: 81: PORTA = 0b00000000;
   196  07D0  0020               	movlb	0	; select bank0
   197  07D1  018C               	clrf	12	;volatile
   198                           
   199                           ;main.c: 85: LEDflg = 0;
   200  07D2  01F9               	clrf	_LEDflg
   201  07D3  01FA               	clrf	_LEDflg+1
   202  07D4                     l495:	
   203                           ;main.c: 87: while(1){
   204                           
   205                           
   206                           ;main.c: 89: RA0 = 1;
   207  07D4  0020               	movlb	0	; select bank0
   208  07D5  140C               	bsf	12,0	;volatile
   209                           
   210                           ;main.c: 90: RA1 = 1;
   211  07D6  148C               	bsf	12,1	;volatile
   212                           
   213                           ;main.c: 91: RA2 = 1;
   214  07D7  150C               	bsf	12,2	;volatile
   215                           
   216                           ;main.c: 93: RA5 = 1;
   217  07D8  168C               	bsf	12,5	;volatile
   218                           
   219                           ;main.c: 94: _delay((unsigned long)((500)*(8000000/4000.0)));
   220  07D9  3006               	movlw	6
   221  07DA  00F6               	movwf	??_main+2
   222  07DB  3013               	movlw	19
   223  07DC  00F5               	movwf	??_main+1
   224  07DD  30B1               	movlw	177
   225  07DE  00F4               	movwf	??_main
   226  07DF                     u17:	
   227  07DF  0BF4               	decfsz	??_main,f
   228  07E0  2FDF               	goto	u17
   229  07E1  0BF5               	decfsz	??_main+1,f
   230  07E2  2FDF               	goto	u17
   231  07E3  0BF6               	decfsz	??_main+2,f
   232  07E4  2FDF               	goto	u17
   233  07E5  3200               	nop2
   234                           
   235                           ;main.c: 97: RA0 = 0;
   236  07E6  0020               	movlb	0	; select bank0
   237  07E7  100C               	bcf	12,0	;volatile
   238                           
   239                           ;main.c: 98: RA1 = 0;
   240  07E8  108C               	bcf	12,1	;volatile
   241                           
   242                           ;main.c: 99: RA2 = 0;
   243  07E9  110C               	bcf	12,2	;volatile
   244                           
   245                           ;main.c: 101: RA5 = 0;
   246  07EA  128C               	bcf	12,5	;volatile
   247                           
   248                           ;main.c: 103: _delay((unsigned long)((500)*(8000000/4000.0)));
   249  07EB  3006               	movlw	6
   250  07EC  00F6               	movwf	??_main+2
   251  07ED  3013               	movlw	19
   252  07EE  00F5               	movwf	??_main+1
   253  07EF  30B1               	movlw	177
   254  07F0  00F4               	movwf	??_main
   255  07F1                     u27:	
   256  07F1  0BF4               	decfsz	??_main,f
   257  07F2  2FF1               	goto	u27
   258  07F3  0BF5               	decfsz	??_main+1,f
   259  07F4  2FF1               	goto	u27
   260  07F5  0BF6               	decfsz	??_main+2,f
   261  07F6  2FF1               	goto	u27
   262  07F7  3200               	nop2
   263  07F8  2FD4               	goto	l495
   264  07F9                     __end_of_main:	
   265                           ;main.c: 105: }
   266                           ;main.c: 106: return (0);
   267                           ;	Return value of _main is never used
   268                           
   269  007E                     btemp	set	126	;btemp
   270  007E                     pic14e$flags	set	126
   271  007E                     wtemp	set	126
   272  007E                     wtemp0	set	126
   273  0080                     wtemp1	set	128
   274  0082                     wtemp2	set	130
   275  0084                     wtemp3	set	132
   276  0086                     wtemp4	set	134
   277  0088                     wtemp5	set	136
   278  007F                     wtemp6	set	127
   279  007E                     ttemp	set	126
   280  007E                     ttemp0	set	126
   281  0081                     ttemp1	set	129
   282  0084                     ttemp2	set	132
   283  0087                     ttemp3	set	135
   284  007F                     ttemp4	set	127
   285  007E                     ltemp	set	126
   286  007E                     ltemp0	set	126
   287  0082                     ltemp1	set	130
   288  0086                     ltemp2	set	134
   289  0080                     ltemp3	set	128
   290                           
   291                           	psect	cinit
   292  07F9                     start_initialization:	
   293  07F9                     __initialization:	
   294                           
   295                           ; Clear objects allocated to COMMON
   296  07F9  01F7               	clrf	__pbssCOMMON& (0+127)
   297  07FA  01F8               	clrf	(__pbssCOMMON+1)& (0+127)
   298  07FB  01F9               	clrf	(__pbssCOMMON+2)& (0+127)
   299  07FC  01FA               	clrf	(__pbssCOMMON+3)& (0+127)
   300  07FD                     end_of_initialization:	
   301                           ;End of C runtime variable initialization code
   302                           
   303  07FD                     __end_of__initialization:	
   304  07FD  107E               	bcf	pic14e$flags,0	;clear compiler interrupt flag
   305  07FE  0020               	movlb	0
   306  07FF  2FC7               	ljmp	_main	;jump to C main() function
   307                           
   308                           	psect	bssCOMMON
   309  0077                     __pbssCOMMON:	
   310  0077                     _Count:	
   311  0077                     	ds	2
   312  0079                     _LEDflg:	
   313  0079                     	ds	2
   314                           
   315                           	psect	cstackCOMMON
   316  0070                     __pcstackCOMMON:	
   317  0070                     ?_main:	
   318  0070                     main@argc:	
   319                           ; 2 bytes @ 0x0
   320                           
   321                           
   322                           ; 2 bytes @ 0x0
   323  0070                     	ds	2
   324  0072                     main@argv:	
   325                           
   326                           ; 2 bytes @ 0x2
   327  0072                     	ds	2
   328  0074                     ??_main:	
   329                           
   330                           ; 0 bytes @ 0x4
   331  0074                     	ds	3


Data Sizes:
    Strings     0
    Constant    0
    Data        0
    BSS         4
    Persistent  0
    Stack       0

Auto Spaces:
    Space          Size  Autos    Used
    COMMON           14      7      11
    BANK0            80      0       0
    BANK1            32      0       0

Pointer List with Targets:

    None.

Critical Paths under _main in COMMON

    None.

Critical Paths under _main in BANK0

    None.

Critical Paths under _main in BANK1

    None.

Call Graph Tables:

 ---------------------------------------------------------------------------------
 (Depth) Function   	        Calls       Base Space   Used Autos Params    Refs
 ---------------------------------------------------------------------------------
 (0) _main                                                19    15      4       0
                                              0 COMMON     7     3      4
 ---------------------------------------------------------------------------------
 Estimated maximum stack depth 0
 ---------------------------------------------------------------------------------

 Call Graph Graphs:

 _main (ROOT)

 Address spaces:
Name               Size   Autos  Total    Cost      Usage
BIGRAM              70      0       0       0        0.0%
EEDATA             100      0       0       0        0.0%
NULL                 0      0       0       0        0.0%
CODE                 0      0       0       0        0.0%
BITCOMMON            E      0       0       1        0.0%
BITSFR0              0      0       0       1        0.0%
SFR0                 0      0       0       1        0.0%
COMMON               E      7       B       2       78.6%
BITSFR1              0      0       0       2        0.0%
SFR1                 0      0       0       2        0.0%
BITSFR2              0      0       0       3        0.0%
SFR2                 0      0       0       3        0.0%
STACK                0      0       0       3        0.0%
BITSFR3              0      0       0       4        0.0%
SFR3                 0      0       0       4        0.0%
ABS                  0      0       B       4        0.0%
BITBANK0            50      0       0       5        0.0%
BITSFR4              0      0       0       5        0.0%
SFR4                 0      0       0       5        0.0%
BANK0               50      0       0       6        0.0%
BITSFR5              0      0       0       6        0.0%
SFR5                 0      0       0       6        0.0%
BITBANK1            20      0       0       7        0.0%
BITSFR6              0      0       0       7        0.0%
SFR6                 0      0       0       7        0.0%
BANK1               20      0       0       8        0.0%
BITSFR7              0      0       0       8        0.0%
SFR7                 0      0       0       8        0.0%
BITSFR8              0      0       0       9        0.0%
SFR8                 0      0       0       9        0.0%
DATA                 0      0       B       9        0.0%
BITSFR9              0      0       0      10        0.0%
SFR9                 0      0       0      10        0.0%
BITSFR10             0      0       0      11        0.0%
SFR10                0      0       0      11        0.0%
BITSFR11             0      0       0      12        0.0%
SFR11                0      0       0      12        0.0%
BITSFR12             0      0       0      13        0.0%
SFR12                0      0       0      13        0.0%
BITSFR13             0      0       0      14        0.0%
SFR13                0      0       0      14        0.0%
BITSFR14             0      0       0      15        0.0%
SFR14                0      0       0      15        0.0%
BITSFR15             0      0       0      16        0.0%
SFR15                0      0       0      16        0.0%
BITSFR16             0      0       0      17        0.0%
SFR16                0      0       0      17        0.0%
BITSFR17             0      0       0      18        0.0%
SFR17                0      0       0      18        0.0%
BITSFR18             0      0       0      19        0.0%
SFR18                0      0       0      19        0.0%
BITSFR19             0      0       0      20        0.0%
SFR19                0      0       0      20        0.0%
BITSFR20             0      0       0      21        0.0%
SFR20                0      0       0      21        0.0%
BITSFR21             0      0       0      22        0.0%
SFR21                0      0       0      22        0.0%
BITSFR22             0      0       0      23        0.0%
SFR22                0      0       0      23        0.0%
BITSFR23             0      0       0      24        0.0%
SFR23                0      0       0      24        0.0%
BITSFR24             0      0       0      25        0.0%
SFR24                0      0       0      25        0.0%
BITSFR25             0      0       0      26        0.0%
SFR25                0      0       0      26        0.0%
BITSFR26             0      0       0      27        0.0%
SFR26                0      0       0      27        0.0%
BITSFR27             0      0       0      28        0.0%
SFR27                0      0       0      28        0.0%
BITSFR28             0      0       0      29        0.0%
SFR28                0      0       0      29        0.0%
BITSFR29             0      0       0      30        0.0%
SFR29                0      0       0      30        0.0%
BITSFR30             0      0       0      31        0.0%
SFR30                0      0       0      31        0.0%
BITSFR31             0      0       0      32        0.0%
SFR31                0      0       0      32        0.0%


Microchip Technology PIC Macro Assembler V1.33 build 59893 
Symbol Table                                                                                   Wed Feb 18 16:11:56 2015

             __CFG_CP$ON 0000                       u17 07DF              __CFG_CPD$ON 0000  
                     u27 07F1                      l495 07D4                      _RA0 0060  
                    _RA1 0061                      _RA2 0062                      _RA5 0065  
           __CFG_BORV$HI 0000             __CFG_LVP$OFF 0000             __CFG_WRT$ALL 0000  
                   _main 07C7                     btemp 007E                     ltemp 007E  
                   start 0001                     ttemp 007E                     wtemp 007E  
          __CFG_IESO$OFF 0000            __CFG_MCLRE$ON 0000                    ?_main 0070  
          __CFG_WDTE$OFF 0000                    _PORTA 000C                    _TRISA 008C  
                  _Count 0077           __CFG_FCMEN$OFF 0000                    ltemp0 007E  
                  ltemp1 0082                    ltemp2 0086                    ltemp3 0080  
                  ttemp0 007E                    ttemp1 0081                    ttemp2 0084  
                  ttemp3 0087                    ttemp4 007F                    wtemp0 007E  
                  wtemp1 0080                    wtemp2 0082                    wtemp3 0084  
                  wtemp4 0086                    wtemp5 0088                    wtemp6 007F  
        __initialization 07F9             __end_of_main 07F9                   ??_main 0074  
         __CFG_PLLEN$OFF 0000                   _LEDflg 0079                   _OSCCON 0099  
         __CFG_PWRTE$OFF 0000           __CFG_STVREN$ON 0000  __end_of__initialization 07FD  
         __pcstackCOMMON 0070               __pmaintext 07C7     end_of_initialization 07FD  
       __CFG_CLKOUTEN$ON 0000         __CFG_FOSC$INTOSC 0000      start_initialization 07F9  
            __pbssCOMMON 0077                ___latbits 0000               _ANSELAbits 018C  
          __size_of_main 0032                 main@argc 0070                 main@argv 0072  
      __CFG_BOREN$SBODEN 0000              pic14e$flags 007E  
