

Microchip Technology PIC LITE Macro Assembler V1.33 build 59893 
                                                                                               Mon Mar 09 17:26:56 2015

Microchip Technology Omniscient Code Generator (Lite mode) build 59893
     1                           	processor	12F683
     2                           	opt	pw 120
     3                           	opt	lm
     4                           	psect	maintext,global,class=CODE,split=1,delta=2
     5                           	psect	cinit,global,class=CODE,merge=1,delta=2
     6                           	psect	cstackCOMMON,global,class=COMMON,space=1,delta=1
     7                           	dabs	1,0x7E,2
     8  0000                     	;# 
     9  0001                     	;# 
    10  0002                     	;# 
    11  0003                     	;# 
    12  0004                     	;# 
    13  0005                     	;# 
    14  000A                     	;# 
    15  000B                     	;# 
    16  000C                     	;# 
    17  000E                     	;# 
    18  000E                     	;# 
    19  000F                     	;# 
    20  0010                     	;# 
    21  0011                     	;# 
    22  0012                     	;# 
    23  0013                     	;# 
    24  0013                     	;# 
    25  0014                     	;# 
    26  0015                     	;# 
    27  0018                     	;# 
    28  0019                     	;# 
    29  001A                     	;# 
    30  001E                     	;# 
    31  001F                     	;# 
    32  0081                     	;# 
    33  0085                     	;# 
    34  008C                     	;# 
    35  008E                     	;# 
    36  008F                     	;# 
    37  0090                     	;# 
    38  0092                     	;# 
    39  0095                     	;# 
    40  0095                     	;# 
    41  0096                     	;# 
    42  0096                     	;# 
    43  0099                     	;# 
    44  009A                     	;# 
    45  009A                     	;# 
    46  009B                     	;# 
    47  009C                     	;# 
    48  009D                     	;# 
    49  009E                     	;# 
    50  009F                     	;# 
    51  0005                     _GPIO	set	5
    52  002A                     _GP2	set	42
    53  002C                     _GP4	set	44
    54  009F                     _ANSEL	set	159
    55  008F                     _OSCCON	set	143
    56  0085                     _TRISIO	set	133
    57                           
    58                           	psect	maintext
    59  07EE                     __pmaintext:	
    60                           ; #config settings
    61                           
    62                           
    63                           ;psect for function _main
    64  0000                     
    65                           ; 0 bytes @ 0x0
    66 ;;
    67 ;;Main: autosize = 0, tempsize = 0, incstack = 0, save=0
    68 ;;
    69 ;; *************** function _main *****************
    70 ;; Defined at:
    71 ;;		line 35 in file "main.c"
    72 ;; Parameters:    Size  Location     Type
    73 ;;		None
    74 ;; Auto vars:     Size  Location     Type
    75 ;;		None
    76 ;; Return value:  Size  Location     Type
    77 ;;		None               void
    78 ;; Registers used:
    79 ;;		wreg, status,2
    80 ;; Tracked objects:
    81 ;;		On entry : 17F/0
    82 ;;		On exit  : 0/0
    83 ;;		Unchanged: 0/0
    84 ;; Data sizes:     COMMON   BANK0   BANK1
    85 ;;      Params:         0       0       0
    86 ;;      Locals:         0       0       0
    87 ;;      Temps:          0       0       0
    88 ;;      Totals:         0       0       0
    89 ;;Total ram usage:        0 bytes
    90 ;; This function calls:
    91 ;;		Nothing
    92 ;; This function is called by:
    93 ;;		Startup code after reset
    94 ;; This function uses a non-reentrant model
    95 ;;
    96  07EE                     _main:	
    97                           
    98                           ;main.c: 37: OSCCON = 0b11110010;
    99                           
   100                           ;incstack = 0
   101                           ; Regs used in _main: [wreg+status,2]
   102  07EE  30F2               	movlw	242
   103  07EF  1683               	bsf	3,5	;RP0=1, select bank1
   104  07F0  008F               	movwf	15	;volatile
   105                           
   106                           ;main.c: 38: ANSEL = 0b00000000;
   107  07F1  019F               	clrf	31	;volatile
   108                           
   109                           ;main.c: 39: TRISIO = 0b00011000;
   110  07F2  3018               	movlw	24
   111  07F3  0085               	movwf	5	;volatile
   112                           
   113                           ;main.c: 40: GPIO = 0b00000000;
   114  07F4  1283               	bcf	3,5	;RP0=0, select bank0
   115  07F5  0185               	clrf	5	;volatile
   116  07F6  2FF8               	goto	l485
   117  07F7                     l487:	
   118                           
   119                           ;main.c: 46: GP2 = 0;
   120  07F7  1105               	bcf	5,2	;volatile
   121  07F8                     l485:	
   122                           ;main.c: 43: while (1) {
   123                           
   124                           ;main.c: 49: } else {
   125                           
   126                           ;main.c: 47: } else if (GP4 == 0) {
   127                           
   128                           
   129                           ;main.c: 45: if (GP4 == 1) {
   130  07F8  1A05               	btfsc	5,4	;volatile
   131  07F9  2FF7               	goto	l487
   132  07FA  1E05               	btfss	5,4	;volatile
   133  07FB  2FFC               	goto	l489
   134  07FC                     l489:	
   135                           
   136                           ;main.c: 48: GP2 = 1;
   137  07FC  1505               	bsf	5,2	;volatile
   138  07FD  2FF8               	goto	l485
   139  07FE                     __end_of_main:	
   140                           ;main.c: 50: GP2 = 1;
   141                           
   142  007E                     btemp	set	126	;btemp
   143  007E                     wtemp	set	126
   144  007E                     wtemp0	set	126
   145  0080                     wtemp1	set	128
   146  0082                     wtemp2	set	130
   147  0084                     wtemp3	set	132
   148  0086                     wtemp4	set	134
   149  0088                     wtemp5	set	136
   150  007F                     wtemp6	set	127
   151  007E                     ttemp	set	126
   152  007E                     ttemp0	set	126
   153  0081                     ttemp1	set	129
   154  0084                     ttemp2	set	132
   155  0087                     ttemp3	set	135
   156  007F                     ttemp4	set	127
   157  007E                     ltemp	set	126
   158  007E                     ltemp0	set	126
   159  0082                     ltemp1	set	130
   160  0086                     ltemp2	set	134
   161  0080                     ltemp3	set	128
   162                           
   163                           	psect	cinit
   164  07FE                     start_initialization:	
   165  07FE                     __initialization:	
   166  07FE                     end_of_initialization:	
   167                           ;End of C runtime variable initialization code
   168                           
   169  07FE                     __end_of__initialization:	
   170  07FE  0183               	clrf	3
   171  07FF  2FEE               	ljmp	_main	;jump to C main() function
   172                           
   173                           	psect	cstackCOMMON
   174  0000                     __pcstackCOMMON:	
   175  0000                     ?_main:	
   176  0000                     ??_main:	
   177                           ; 0 bytes @ 0x0
   178                           


Data Sizes:
    Strings     0
    Constant    0
    Data        0
    BSS         0
    Persistent  0
    Stack       0

Auto Spaces:
    Space          Size  Autos    Used
    COMMON           14      0       0
    BANK0            80      0       0
    BANK1            32      0       0

Pointer List with Targets:

    None.

Critical Paths under _main in COMMON

    None.

Critical Paths under _main in BANK0

    None.

Critical Paths under _main in BANK1

    None.

Call Graph Tables:

 ---------------------------------------------------------------------------------
 (Depth) Function   	        Calls       Base Space   Used Autos Params    Refs
 ---------------------------------------------------------------------------------
 (0) _main                                                 0     0      0       0
 ---------------------------------------------------------------------------------
 Estimated maximum stack depth 0
 ---------------------------------------------------------------------------------

 Call Graph Graphs:

 _main (ROOT)

 Address spaces:
Name               Size   Autos  Total    Cost      Usage
BITCOMMON            E      0       0       0        0.0%
EEDATA             100      0       0       0        0.0%
NULL                 0      0       0       0        0.0%
CODE                 0      0       0       0        0.0%
COMMON               E      0       0       1        0.0%
BITSFR0              0      0       0       1        0.0%
SFR0                 0      0       0       1        0.0%
BITSFR1              0      0       0       2        0.0%
SFR1                 0      0       0       2        0.0%
STACK                0      0       0       2        0.0%
BITBANK0            50      0       0       3        0.0%
BANK0               50      0       0       4        0.0%
BANK1               20      0       0       5        0.0%
ABS                  0      0       0       6        0.0%
BITBANK1            20      0       0       7        0.0%
DATA                 0      0       0       8        0.0%


Microchip Technology PIC Macro Assembler V1.33 build 59893 
Symbol Table                                                                                   Mon Mar 09 17:26:56 2015

            __CFG_CP$OFF 0000                      l485 07F8                      l487 07F7  
                    l489 07FC                      _GP2 002A                      _GP4 002C  
           __CFG_CPD$OFF 0000                     _GPIO 0005                     _main 07EE  
                   btemp 007E            __CFG_BOREN$ON 0000                     ltemp 007E  
                   start 0000                     ttemp 007E                     wtemp 007E  
          __CFG_IESO$OFF 0000            __CFG_MCLRE$ON 0000                    ?_main 0000  
          __CFG_WDTE$OFF 0000                    _ANSEL 009F            __CFG_PWRTE$ON 0000  
         __CFG_FCMEN$OFF 0000                    ltemp0 007E                    ltemp1 0082  
                  ltemp2 0086                    ltemp3 0080                    ttemp0 007E  
                  ttemp1 0081                    ttemp2 0084                    ttemp3 0087  
                  ttemp4 007F                    status 0003                    wtemp0 007E  
                  wtemp1 0080                    wtemp2 0082                    wtemp3 0084  
                  wtemp4 0086                    wtemp5 0088                    wtemp6 007F  
        __initialization 07FE             __end_of_main 07FE                   ??_main 0000  
                 _OSCCON 008F                   _TRISIO 0085  __end_of__initialization 07FE  
         __pcstackCOMMON 0000               __pmaintext 07EE     end_of_initialization 07FE  
    start_initialization 07FE                ___latbits 0000            __size_of_main 0010  
     __CFG_FOSC$INTOSCIO 0000  
